<html>
<body>
<pre>
<h1>Vision Build Log</h1>
<h2>Tool Versions:</h2>
IDE-Version: μVision V5.24.2.0
Copyright (C) 2017 ARM Ltd and ARM Germany GmbH. All rights reserved.
License Information: ee 8613958297334, ee, LIC=----
 
Tool Versions:
Toolchain:       MDK-Lite  Version: 5.24.1
Toolchain Path:  D:\keil5\ARM\ARMCC\Bin
C Compiler:      Armcc.exe V5.06 update 5 (build 528)
Assembler:       Armasm.exe V5.06 update 5 (build 528)
Linker/Locator:  ArmLink.exe V5.06 update 5 (build 528)
Library Manager: ArmAr.exe V5.06 update 5 (build 528)
Hex Converter:   FromElf.exe V5.06 update 5 (build 528)
CPU DLL:         SARMCM3.DLL V5.24.1
Dialog DLL:      DCM.DLL V1.16.0.0
Target DLL:      STLink\ST-LINKIII-KEIL_SWO.dll V3.0.1.0
Dialog DLL:      TCM.DLL V1.32.0.0
 
<h2>Project:</h2>
C:\Users\86139\Desktop\Project\Asc 二轮 - 副本 (3)\Project.uvprojx
Project File Date:  11/24/2025

<h2>Output:</h2>
*** Using Compiler 'V5.06 update 5 (build 528)', folder: 'D:\keil5\ARM\ARMCC\Bin'
Build target 'Target 1'
compiling main.c...
.\Hardware\mycontrol.c(9): warning:  #223-D: function "Set_Car_Speed" declared implicitly
  	if(
.\Hardware\mycontrol.c(11): warning:  #223-D: function "Set_Car_Speed" declared implicitly
  	if(
.\Hardware\mycontrol.c(13): warning:  #223-D: function "Set_Car_Speed" declared implicitly
  	if(
.\Hardware\mycontrol.c(15): warning:  #223-D: function "Set_Car_Speed" declared implicitly
  	if(
.\Hardware\mycontrol.c(17): warning:  #223-D: function "Set_Car_Speed" declared implicitly
  	if(
.\Hardware\mycontrol.c(23): warning:  #223-D: function "Set_Car_Speed" declared implicitly
  		Set_Car_Speed(0,0);  //停车一下
.\Hardware\mycontrol.c(34): warning:  #223-D: function "Set_Car_Speed" declared implicitly
  		Set_Car_Speed(0,0);  //停车一下
.\Hardware\mycontrol.c(43): warning:  #223-D: function "Set_Car_Speed" declared implicitly
  	if(
User\main.c(81): error:  #65: expected a ";"
  {
User\main.c(102): warning:  #12-D: parsing restarts here after previous syntax error
  			Mode1_Error2=Mode1_Error1;
User\main.c(103): warning:  #111-D: statement is unreachable
  			Mode1_Error1=Mode1_Error0;
User\main.c(113): error:  #169: expected a declaration
     	if(cnt==0)
User\main.c(171): warning: At end of source:  #12-D: parsing restarts here after previous syntax error
User\main.c: 11 warnings, 2 errors
compiling Trace.c...
compiling mycontrol.c...
Hardware\mycontrol.c(9): warning:  #223-D: function "Set_Car_Speed" declared implicitly
  	if(
Hardware\mycontrol.c(11): warning:  #223-D: function "Set_Car_Speed" declared implicitly
  	if(
Hardware\mycontrol.c(13): warning:  #223-D: function "Set_Car_Speed" declared implicitly
  	if(
Hardware\mycontrol.c(15): warning:  #223-D: function "Set_Car_Speed" declared implicitly
  	if(
Hardware\mycontrol.c(17): warning:  #223-D: function "Set_Car_Speed" declared implicitly
  	if(
Hardware\mycontrol.c(23): warning:  #223-D: function "Set_Car_Speed" declared implicitly
  		Set_Car_Speed(0,0);  //停车一下
Hardware\mycontrol.c(34): warning:  #223-D: function "Set_Car_Speed" declared implicitly
  		Set_Car_Speed(0,0);  //停车一下
Hardware\mycontrol.c(43): warning:  #223-D: function "Set_Car_Speed" declared implicitly
  	if(
Hardware\mycontrol.c: 8 warnings, 0 errors
".\Objects\Project.axf" - 2 Error(s), 19 Warning(s).

<h2>Software Packages used:</h2>

Package Vendor: Keil
                http://www.keil.com/pack/Keil.STM32F1xx_DFP.2.2.0.pack
                Keil.STM32F1xx_DFP.2.2.0
                STMicroelectronics STM32F1 Series Device Support, Drivers and Examples

<h2>Collection of Component include folders:</h2>
  .\RTE\_Target_1
  D:\keil5\ARM\PACK\Keil\STM32F1xx_DFP\2.2.0\Device\Include

<h2>Collection of Component Files used:</h2>
Target not created.
Build Time Elapsed:  00:00:08
</pre>
</body>
</html>
